Arguments: 
  C:\Program Files\nodejs\node.exe C:\Users\vignesh_joshi\AppData\Roaming\npm\node_modules\yarn\bin\yarn.js install --production --no-optional

PATH: 
  C:\MyCodeWorkOuts\VSCodeWorkouts\StrapiCMS\strapi-test-project\node_modules\.bin;C:\MyCodeWorkOuts\VSCodeWorkouts\StrapiCMS\node_modules\.bin;C:\MyCodeWorkOuts\VSCodeWorkouts\node_modules\.bin;C:\MyCodeWorkOuts\node_modules\.bin;C:\node_modules\.bin;C:\Program Files\nodejs;C:\Users\vignesh_joshi\AppData\Roaming\npm-cache\_npx\19396;C:\Program Files (x86)\RSA SecurID Token Common;C:\Program Files\RSA SecurID Token Common;C:\WINDOWS\system32;C:\WINDOWS;C:\WINDOWS\System32\Wbem;C:\WINDOWS\System32\WindowsPowerShell\v1.0\;C:\WINDOWS\System32\OpenSSH\;C:\Program Files\Microsoft SQL Server\130\Tools\Binn\;C:\Program Files\Microsoft SQL Server\Client SDK\ODBC\170\Tools\Binn\;C:\Program Files\Dell\Dell Data Protection\Encryption\;C:\Program Files\nodejs\;C:\Program Files\Git\cmd;C:\Program Files\1E\Client\Extensibility\NomadBranch;C:\Program Files\Cloud Foundry;C:\Program Files\dotnet\;C:\Program Files\Docker\Docker\resources\bin;C:\ProgramData\DockerDesktop\version-bin;C:\Users\vignesh_joshi\AppData\Local\Programs\Python\Python39\Scripts\;C:\Users\vignesh_joshi\AppData\Local\Programs\Python\Python39\;C:\Users\vignesh_joshi\AppData\Local\Microsoft\WindowsApps;C:\Users\vignesh_joshi\.dotnet\tools;C:\Users\vignesh_joshi\AppData\Roaming\npm;C:\Users\vignesh_joshi\AppData\Local\Programs\Microsoft VS Code\bin;C:\Users\vignesh_joshi\AppData\Local\Programs\Fiddler;C:\Users\vignesh_joshi\AppData\Local\JetBrains\WebStorm 2021.1\bin;;C:\Users\vignesh_joshi\.dotnet\tools

Yarn version: 
  1.22.11

Node version: 
  14.15.4

Platform: 
  win32 x64

Trace: 
  Error: https://registry.yarnpkg.com/date-fns/-/date-fns-2.23.0.tgz: ESOCKETTIMEDOUT
      at ClientRequest.<anonymous> (C:\Users\vignesh_joshi\AppData\Roaming\npm\node_modules\yarn\lib\cli.js:141390:19)
      at Object.onceWrapper (events.js:421:28)
      at ClientRequest.emit (events.js:315:20)
      at TLSSocket.emitRequestTimeout (_http_client.js:784:9)
      at Object.onceWrapper (events.js:421:28)
      at TLSSocket.emit (events.js:327:22)
      at TLSSocket.Socket._onTimeout (net.js:483:8)
      at listOnTimeout (internal/timers.js:554:17)
      at processTimers (internal/timers.js:497:7)

npm manifest: 
  {
    "name": "strapi-test-project",
    "private": true,
    "version": "0.1.0",
    "description": "A Strapi application",
    "scripts": {
      "develop": "strapi develop",
      "start": "strapi start",
      "build": "strapi build",
      "strapi": "strapi"
    },
    "devDependencies": {},
    "dependencies": {
      "strapi": "3.6.7",
      "strapi-admin": "3.6.7",
      "strapi-utils": "3.6.7",
      "strapi-plugin-content-type-builder": "3.6.7",
      "strapi-plugin-content-manager": "3.6.7",
      "strapi-plugin-users-permissions": "3.6.7",
      "strapi-plugin-email": "3.6.7",
      "strapi-plugin-upload": "3.6.7",
      "strapi-plugin-i18n": "3.6.7",
      "strapi-connector-bookshelf": "3.6.7",
      "knex": "0.21.18",
      "sqlite3": "5.0.0"
    },
    "author": {
      "name": "A Strapi developer"
    },
    "strapi": {
      "uuid": "ebe36b5f-ec9e-4bd1-b815-0301dd774efd"
    },
    "engines": {
      "node": ">=10.16.0 <=14.x.x",
      "npm": "^6.0.0"
    },
    "license": "MIT"
  }

yarn manifest: 
  No manifest

Lockfile: 
  No lockfile
